time="2025-09-22T14:19:24-05:00" level=warning msg="/home/socub/Projects/Business/demo-isi-markets/timeseries-api/ops/docker/compose.yml: the attribute `version` is obsolete, it will be ignored, please remove it to avoid potential confusion"
#1 [internal] load local bake definitions
#1 reading from stdin 1.14kB done
#1 DONE 0.0s

#2 [gateway internal] load build definition from Dockerfile
#2 transferring dockerfile: 367B done
#2 DONE 0.0s

#3 [service internal] load build definition from Dockerfile
#3 transferring dockerfile: 385B done
#3 DONE 0.0s

#4 [service] resolve image config for docker-image://docker.io/docker/dockerfile:1
#4 DONE 0.4s

#5 [service] docker-image://docker.io/docker/dockerfile:1@sha256:dabfc0969b935b2080555ace70ee69a5261af8a8f1b4df97b9e7fbcf6722eddf
#5 CACHED

#6 [service internal] load metadata for docker.io/library/eclipse-temurin:21-jdk
#6 ...

#7 [service internal] load metadata for docker.io/library/eclipse-temurin:21-jre
#7 DONE 0.4s

#6 [service internal] load metadata for docker.io/library/eclipse-temurin:21-jdk
#6 DONE 0.4s

#8 [service internal] load .dockerignore
#8 transferring context: 63B done
#8 DONE 0.0s

#9 [gateway internal] load metadata for docker.io/library/node:22-slim
#9 DONE 0.5s

#10 [service build 1/7] FROM docker.io/library/eclipse-temurin:21-jdk@sha256:40f9bb2bba5571ed0bb8d16f089afd2dbabb0d5fd727767c311330b8c604f4b0
#10 DONE 0.0s

#11 [service stage-1 1/3] FROM docker.io/library/eclipse-temurin:21-jre@sha256:9dc74491b9c961b24cd16939b26c4dc82259df7f55677b232392d85eef7f6ed0
#11 DONE 0.0s

#12 [gateway internal] load .dockerignore
#12 transferring context: 72B done
#12 DONE 0.0s

#13 [service internal] load build context
#13 transferring context: 1.80kB done
#13 DONE 0.0s

#14 [service build 2/7] WORKDIR /app
#14 CACHED

#15 [service build 7/7] RUN ./gradlew bootJar --no-daemon
#15 CACHED

#16 [service build 5/7] COPY build.gradle.kts settings.gradle.kts ./
#16 CACHED

#17 [service stage-1 2/3] WORKDIR /app
#17 CACHED

#18 [service build 4/7] COPY gradle gradle
#18 CACHED

#19 [service build 3/7] COPY gradlew .
#19 CACHED

#20 [service build 6/7] COPY src src
#20 CACHED

#21 [service stage-1 3/3] COPY --from=build /app/build/libs/*.jar app.jar
#21 CACHED

#22 [gateway build 1/7] FROM docker.io/library/node:22-slim@sha256:4a4884e8a44826194dff92ba316264f392056cbe243dcc9fd3551e71cea02b90
#22 DONE 0.0s

#23 [gateway internal] load build context
#23 transferring context: 157B done
#23 DONE 0.0s

#24 [gateway build 6/7] COPY src src
#24 CACHED

#25 [gateway stage-1 4/5] RUN npm ci --omit=dev
#25 CACHED

#26 [gateway build 5/7] COPY tsconfig.json ./
#26 CACHED

#27 [gateway build 7/7] RUN npm run build
#27 CACHED

#28 [gateway build 4/7] RUN npm ci
#28 CACHED

#29 [gateway build 3/7] COPY package*.json ./
#29 CACHED

#30 [gateway build 2/7] WORKDIR /app
#30 CACHED

#31 [gateway stage-1 5/5] COPY --from=build /app/dist dist
#31 CACHED

#32 [service] exporting to image
#32 exporting layers done
#32 writing image sha256:b61ff201353acf09d2cffb7b47c8c5ce617da964cb149db703af9a3792f21eb2 done
#32 naming to docker.io/library/timeseries-local-service done
#32 DONE 0.0s

#33 [gateway] exporting to image
#33 exporting layers done
#33 writing image sha256:8aceab49727c43e5dd40f883686378e4b07b0d237f5970b82cde0a6a12f2ae4d done
#33 naming to docker.io/library/timeseries-local-gateway done
#33 DONE 0.0s

#34 [service] resolving provenance for metadata file
#34 DONE 0.0s

#35 [gateway] resolving provenance for metadata file
#35 DONE 0.0s
 timeseries-local-service  Built
 timeseries-local-gateway  Built
 Container ts-prom  Creating
 Container ts-grafana  Creating
 Container ts-otelcol  Creating
 Container ts-db  Creating
 Container ts-search  Creating
 Container ts-otelcol  Created
 Container ts-search  Created
 Container ts-db  Created
 Container ts-service  Creating
 Container ts-grafana  Created
 Container ts-prom  Created
 Container ts-service  Created
 Container ts-gateway  Creating
 Container ts-gateway  Created
Attaching to ts-db, ts-gateway, ts-grafana, ts-otelcol, ts-prom, ts-search, ts-service
ts-search  | Enabling OpenSearch Security Plugin
ts-search  | Enabling execution of install_demo_configuration.sh for OpenSearch Security Plugin 
ts-search  | OpenSearch 2.12.0 onwards, the OpenSearch Security Plugin a change that requires an initial password for 'admin' user. 
ts-search  | Please define an environment variable 'OPENSEARCH_INITIAL_ADMIN_PASSWORD' with a strong password string. 
ts-search  | If a password is not provided, the setup will quit. 
ts-search  |  For more details, please visit: https://opensearch.org/docs/latest/install-and-configure/install-opensearch/docker/
ts-db      | 
ts-db      | PostgreSQL Database directory appears to contain a database; Skipping initialization
ts-db      | 
ts-db      | 2025-09-22 19:19:26.180 UTC [1] LOG:  starting PostgreSQL 16.3 on x86_64-pc-linux-musl, compiled by gcc (Alpine 13.2.1_git20240309) 13.2.1 20240309, 64-bit
ts-db      | 2025-09-22 19:19:26.180 UTC [1] LOG:  listening on IPv4 address "0.0.0.0", port 5432
ts-db      | 2025-09-22 19:19:26.180 UTC [1] LOG:  listening on IPv6 address "::", port 5432
ts-db      | 2025-09-22 19:19:26.184 UTC [1] LOG:  listening on Unix socket "/var/run/postgresql/.s.PGSQL.5432"
ts-db      | 2025-09-22 19:19:26.190 UTC [30] LOG:  database system was shut down at 2025-09-22 19:18:48 UTC
ts-db      | 2025-09-22 19:19:26.197 UTC [1] LOG:  database system is ready to accept connections
ts-db      | 2025-09-22 19:19:26.198 UTC [33] LOG:  TimescaleDB background worker launcher connected to shared catalogs
ts-prom    | time=2025-09-22T19:19:26.334Z level=INFO source=main.go:1545 msg="updated GOGC" old=100 new=75
ts-prom    | time=2025-09-22T19:19:26.336Z level=INFO source=main.go:677 msg="Leaving GOMAXPROCS=8: CPU quota undefined" component=automaxprocs
ts-prom    | time=2025-09-22T19:19:26.336Z level=INFO source=memlimit.go:198 msg="GOMEMLIMIT is updated" component=automemlimit package=github.com/KimMachineGun/automemlimit/memlimit GOMEMLIMIT=14853629952 previous=9223372036854775807
ts-prom    | time=2025-09-22T19:19:26.336Z level=INFO source=main.go:719 msg="No time or size retention was set so using the default time retention" duration=15d
ts-prom    | time=2025-09-22T19:19:26.336Z level=INFO source=main.go:770 msg="Starting Prometheus Server" mode=server version="(version=3.6.0, branch=HEAD, revision=491734606591ef8c188f5489c70380805bc868c0)"
ts-prom    | time=2025-09-22T19:19:26.337Z level=INFO source=main.go:775 msg="operational information" build_context="(go=go1.24.7, platform=linux/amd64, user=root@bfdf1aa26e4d, date=20250921-19:51:16, tags=netgo,builtinassets)" host_details="(Linux 6.16.5-arch1-1 #1 SMP PREEMPT_DYNAMIC Thu, 04 Sep 2025 23:18:13 +0000 x86_64 4eb5dfa69526 (none))" fd_limits="(soft=524287, hard=524288)" vm_limits="(soft=unlimited, hard=unlimited)"
ts-search  | ### OpenSearch Security Demo Installer
ts-search  | ### ** Warning: Do not use on production or public reachable systems **
ts-prom    | time=2025-09-22T19:19:26.341Z level=INFO source=web.go:659 msg="Start listening for connections" component=web address=0.0.0.0:9090
ts-prom    | time=2025-09-22T19:19:26.342Z level=INFO source=main.go:1289 msg="Starting TSDB ..."
ts-prom    | time=2025-09-22T19:19:26.347Z level=INFO source=tls_config.go:347 msg="Listening on" component=web address=[::]:9090
ts-prom    | time=2025-09-22T19:19:26.347Z level=INFO source=tls_config.go:350 msg="TLS is disabled." component=web http2=false address=[::]:9090
ts-prom    | time=2025-09-22T19:19:26.348Z level=INFO source=head.go:667 msg="Replaying on-disk memory mappable chunks if any" component=tsdb
ts-prom    | time=2025-09-22T19:19:26.348Z level=INFO source=head.go:754 msg="On-disk memory mappable chunks replay completed" component=tsdb duration=1.076Âµs
ts-prom    | time=2025-09-22T19:19:26.348Z level=INFO source=head.go:762 msg="Replaying WAL, this may take a while" component=tsdb
ts-prom    | time=2025-09-22T19:19:26.350Z level=INFO source=head.go:835 msg="WAL segment loaded" component=tsdb segment=0 maxSegment=0 duration=1.512303ms
ts-prom    | time=2025-09-22T19:19:26.350Z level=INFO source=head.go:872 msg="WAL replay completed" component=tsdb checkpoint_replay_duration=30.923Âµs wal_replay_duration=1.562487ms wbl_replay_duration=175ns chunk_snapshot_load_duration=0s mmap_chunk_replay_duration=1.076Âµs total_replay_duration=1.658436ms
ts-prom    | time=2025-09-22T19:19:26.352Z level=INFO source=main.go:1310 msg="filesystem information" fs_type=EXT4_SUPER_MAGIC
ts-prom    | time=2025-09-22T19:19:26.352Z level=INFO source=main.go:1313 msg="TSDB started"
ts-prom    | time=2025-09-22T19:19:26.352Z level=INFO source=main.go:1498 msg="Loading configuration file" filename=/etc/prometheus/prometheus.yml
ts-prom    | time=2025-09-22T19:19:26.354Z level=INFO source=main.go:1538 msg="Completed loading of configuration file" db_storage=1.223Âµs remote_storage=1.594Âµs web_handler=379ns query_engine=1.269Âµs scrape=591.877Âµs scrape_sd=46.926Âµs notify=1.318Âµs notify_sd=762ns rules=1.604Âµs tracing=7.814Âµs filename=/etc/prometheus/prometheus.yml totalDuration=1.43079ms
ts-prom    | time=2025-09-22T19:19:26.354Z level=INFO source=manager.go:176 msg="Starting rule manager..." component="rule manager"
ts-prom    | time=2025-09-22T19:19:26.355Z level=INFO source=main.go:1274 msg="Server is ready to receive web requests."
ts-search  | OpenSearch install type: rpm/deb on Linux 6.16.5-arch1-1 amd64
ts-search  | OpenSearch config dir: /usr/share/opensearch/config/
ts-search  | OpenSearch config file: /usr/share/opensearch/config/opensearch.yml
ts-search  | OpenSearch bin dir: /usr/share/opensearch/bin/
ts-search  | OpenSearch plugins dir: /usr/share/opensearch/plugins/
ts-search  | OpenSearch lib dir: /usr/share/opensearch/lib/
ts-search  | Detected OpenSearch Version: 2.14.0
ts-search  | Detected OpenSearch Security Version: 2.14.0.0
ts-otelcol  | 2025-09-22T19:19:26.393Z	info	builders/extension.go:50	Unmaintained component. Actively looking for contributors. Component will become deprecated after 3 months of remaining unmaintained.	{"resource": {"service.instance.id": "874a3ed7-38d9-404e-b4f7-17ff124aec4d", "service.name": "otelcol", "service.version": "0.135.0"}, "otelcol.component.id": "health_check", "otelcol.component.kind": "extension"}
ts-otelcol  | 2025-09-22T19:19:26.395Z	info	service@v0.135.0/service.go:211	Starting otelcol...	{"resource": {"service.instance.id": "874a3ed7-38d9-404e-b4f7-17ff124aec4d", "service.name": "otelcol", "service.version": "0.135.0"}, "Version": "0.135.0", "NumCPU": 8}
ts-otelcol  | 2025-09-22T19:19:26.395Z	info	extensions/extensions.go:41	Starting extensions...	{"resource": {"service.instance.id": "874a3ed7-38d9-404e-b4f7-17ff124aec4d", "service.name": "otelcol", "service.version": "0.135.0"}}
ts-otelcol  | 2025-09-22T19:19:26.395Z	info	extensions/extensions.go:45	Extension is starting...	{"resource": {"service.instance.id": "874a3ed7-38d9-404e-b4f7-17ff124aec4d", "service.name": "otelcol", "service.version": "0.135.0"}, "otelcol.component.id": "health_check", "otelcol.component.kind": "extension"}
ts-otelcol  | 2025-09-22T19:19:26.395Z	info	healthcheckextension@v0.135.0/healthcheckextension.go:32	Starting health_check extension	{"resource": {"service.instance.id": "874a3ed7-38d9-404e-b4f7-17ff124aec4d", "service.name": "otelcol", "service.version": "0.135.0"}, "otelcol.component.id": "health_check", "otelcol.component.kind": "extension", "config": {"Endpoint":"0.0.0.0:13133","TLS":{},"CORS":{},"Auth":{},"MaxRequestBodySize":0,"IncludeMetadata":false,"ResponseHeaders":null,"CompressionAlgorithms":null,"ReadTimeout":0,"ReadHeaderTimeout":0,"WriteTimeout":0,"IdleTimeout":0,"Middlewares":null,"Path":"/","ResponseBody":null,"CheckCollectorPipeline":{"Enabled":false,"Interval":"5m","ExporterFailureThreshold":5}}}
ts-otelcol  | 2025-09-22T19:19:26.395Z	info	extensions/extensions.go:62	Extension started.	{"resource": {"service.instance.id": "874a3ed7-38d9-404e-b4f7-17ff124aec4d", "service.name": "otelcol", "service.version": "0.135.0"}, "otelcol.component.id": "health_check", "otelcol.component.kind": "extension"}
ts-otelcol  | 2025-09-22T19:19:26.396Z	info	otlpreceiver@v0.135.0/otlp.go:121	Starting GRPC server	{"resource": {"service.instance.id": "874a3ed7-38d9-404e-b4f7-17ff124aec4d", "service.name": "otelcol", "service.version": "0.135.0"}, "otelcol.component.id": "otlp", "otelcol.component.kind": "receiver", "endpoint": "127.0.0.1:4317"}
ts-otelcol  | 2025-09-22T19:19:26.396Z	info	otlpreceiver@v0.135.0/otlp.go:179	Starting HTTP server	{"resource": {"service.instance.id": "874a3ed7-38d9-404e-b4f7-17ff124aec4d", "service.name": "otelcol", "service.version": "0.135.0"}, "otelcol.component.id": "otlp", "otelcol.component.kind": "receiver", "endpoint": "127.0.0.1:4318"}
ts-otelcol  | 2025-09-22T19:19:26.396Z	info	healthcheck/handler.go:131	Health Check state change	{"resource": {"service.instance.id": "874a3ed7-38d9-404e-b4f7-17ff124aec4d", "service.name": "otelcol", "service.version": "0.135.0"}, "otelcol.component.id": "health_check", "otelcol.component.kind": "extension", "status": "ready"}
ts-otelcol  | 2025-09-22T19:19:26.396Z	info	service@v0.135.0/service.go:234	Everything is ready. Begin running and processing data.	{"resource": {"service.instance.id": "874a3ed7-38d9-404e-b4f7-17ff124aec4d", "service.name": "otelcol", "service.version": "0.135.0"}}
ts-grafana  | logger=settings t=2025-09-22T19:19:26.655132725Z level=info msg="Starting Grafana" version=12.1.1 commit=df5de8219b41d1e639e003bf5f3a85913761d167 branch=release-12.1.1 compiled=2025-09-22T19:19:26Z
ts-grafana  | logger=settings t=2025-09-22T19:19:26.655708576Z level=info msg="Config loaded from" file=/usr/share/grafana/conf/defaults.ini
ts-grafana  | logger=settings t=2025-09-22T19:19:26.655722883Z level=info msg="Config loaded from" file=/etc/grafana/grafana.ini
ts-grafana  | logger=settings t=2025-09-22T19:19:26.655727797Z level=info msg="Config overridden from command line" arg="default.paths.data=/var/lib/grafana"
ts-grafana  | logger=settings t=2025-09-22T19:19:26.655732173Z level=info msg="Config overridden from command line" arg="default.paths.logs=/var/log/grafana"
ts-grafana  | logger=settings t=2025-09-22T19:19:26.655736209Z level=info msg="Config overridden from command line" arg="default.paths.plugins=/var/lib/grafana/plugins"
ts-grafana  | logger=settings t=2025-09-22T19:19:26.655740573Z level=info msg="Config overridden from command line" arg="default.paths.provisioning=/etc/grafana/provisioning"
ts-grafana  | logger=settings t=2025-09-22T19:19:26.655744904Z level=info msg="Config overridden from command line" arg="default.log.mode=console"
ts-grafana  | logger=settings t=2025-09-22T19:19:26.65574916Z level=info msg="Config overridden from Environment variable" var="GF_PATHS_DATA=/var/lib/grafana"
ts-grafana  | logger=settings t=2025-09-22T19:19:26.655753838Z level=info msg="Config overridden from Environment variable" var="GF_PATHS_LOGS=/var/log/grafana"
ts-grafana  | logger=settings t=2025-09-22T19:19:26.655758111Z level=info msg="Config overridden from Environment variable" var="GF_PATHS_PLUGINS=/var/lib/grafana/plugins"
ts-grafana  | logger=settings t=2025-09-22T19:19:26.655760961Z level=info msg="Config overridden from Environment variable" var="GF_PATHS_PROVISIONING=/etc/grafana/provisioning"
ts-grafana  | logger=settings t=2025-09-22T19:19:26.655763483Z level=info msg="Config overridden from Environment variable" var="GF_SERVER_ROOT_URL=http://localhost:3001"
ts-grafana  | logger=settings t=2025-09-22T19:19:26.655766051Z level=info msg="Config overridden from Environment variable" var="GF_USERS_ALLOW_SIGN_UP=false"
ts-grafana  | logger=settings t=2025-09-22T19:19:26.655769057Z level=info msg=Target target=[all]
ts-grafana  | logger=settings t=2025-09-22T19:19:26.65577937Z level=info msg="Path Home" path=/usr/share/grafana
ts-grafana  | logger=settings t=2025-09-22T19:19:26.655782068Z level=info msg="Path Data" path=/var/lib/grafana
ts-grafana  | logger=settings t=2025-09-22T19:19:26.655784535Z level=info msg="Path Logs" path=/var/log/grafana
ts-grafana  | logger=settings t=2025-09-22T19:19:26.655786783Z level=info msg="Path Plugins" path=/var/lib/grafana/plugins
ts-grafana  | logger=settings t=2025-09-22T19:19:26.655789115Z level=info msg="Path Provisioning" path=/etc/grafana/provisioning
ts-grafana  | logger=settings t=2025-09-22T19:19:26.655791689Z level=info msg="App mode production"
ts-grafana  | logger=featuremgmt t=2025-09-22T19:19:26.6562305Z level=info msg=FeatureToggles alertingMigrationUI=true alertingNotificationsStepMode=true awsAsyncQueryCaching=true newDashboardSharingComponent=true dataplaneFrontendFallback=true alertingBulkActionsInUI=true dashboardSceneForViewers=true prometheusAzureOverrideAudience=true alertingRulePermanentlyDelete=true alertingImportYAMLUI=true unifiedRequestLog=true kubernetesClientDashboardsFolders=true nestedFolders=true newFiltersUI=true azureMonitorPrometheusExemplars=true teamHttpHeadersMimir=true lokiLabelNamesQueryApi=true ssoSettingsLDAP=true cloudWatchNewLabelParsing=true preinstallAutoUpdate=true alertingRuleVersionHistoryRestore=true awsDatasourcesTempCredentials=true grafanaconThemes=true skipTokenRotationIfRecent=true dashboardScene=true logsExploreTableVisualisation=true alertingQueryAndExpressionsStepMode=true externalCorePlugins=true dashgpt=true improvedExternalSessionHandling=true transformationsRedesign=true publicDashboardsScene=true unifiedStorageHistoryPruner=true dashboardSceneSolo=true alertRuleRestore=true groupToNestedTableTransformation=true logsContextDatasourceUi=true logsPanelControls=true annotationPermissionUpdate=true unifiedStorageSearchPermissionFiltering=true tabularNumbers=true recordedQueriesMulti=true alertingUIOptimizeReducer=true logsInfiniteScrolling=true formatString=true lokiQuerySplitting=true cloudWatchRoundUpEndTime=true cloudWatchCrossAccountQuerying=true tlsMemcached=true logRowsPopoverMenu=true jaegerBackendMigration=true pluginsDetailsRightPanel=true pinNavItems=true correlations=true improvedExternalSessionHandlingSAML=true addFieldFromCalculationStatFunctions=true promQLScope=true azureMonitorEnableUserAuth=true influxdbBackendMigration=true newPDFRendering=true onPremToCloudMigrations=true ssoSettingsSAML=true alertingRuleRecoverDeleted=true panelMonitoring=true useSessionStorageForRedirection=true
ts-grafana  | logger=sqlstore t=2025-09-22T19:19:26.65631196Z level=info msg="Connecting to DB" dbtype=sqlite3
ts-grafana  | logger=migrator t=2025-09-22T19:19:26.669640102Z level=info msg="Locking database"
ts-grafana  | logger=migrator t=2025-09-22T19:19:26.669663785Z level=info msg="Starting DB migrations"
ts-grafana  | logger=migrator t=2025-09-22T19:19:26.691882651Z level=info msg="migrations completed" performed=0 skipped=665 duration=593.709Âµs
ts-grafana  | logger=migrator t=2025-09-22T19:19:26.692408814Z level=info msg="Unlocking database"
ts-grafana  | logger=secrets t=2025-09-22T19:19:26.69285314Z level=info msg="Envelope encryption state" enabled=true currentprovider=secretKey.v1
ts-grafana  | logger=plugin.angulardetectorsprovider.dynamic t=2025-09-22T19:19:26.786855327Z level=info msg="Restored cache from database" duration=704.825Âµs
ts-grafana  | logger=entity-db t=2025-09-22T19:19:26.788301356Z level=info msg="Using database section" db_type=sqlite3
ts-grafana  | logger=entity-db t=2025-09-22T19:19:26.788348952Z level=info msg="Initializing Resource DB" db_type=sqlite3 open_conn=0 in_use_conn=0 idle_conn=0 max_open_conn=0
ts-grafana  | logger=resource-migrator t=2025-09-22T19:19:26.794622618Z level=info msg="Locking database"
ts-grafana  | logger=resource-migrator t=2025-09-22T19:19:26.794641982Z level=info msg="Starting DB migrations"
ts-grafana  | logger=resource-migrator t=2025-09-22T19:19:26.803592662Z level=info msg="migrations completed" performed=0 skipped=26 duration=43.776Âµs
ts-grafana  | logger=resource-migrator t=2025-09-22T19:19:26.804097094Z level=info msg="Unlocking database"
ts-grafana  | t=2025-09-22T19:19:26.804268577Z level=info caller=logger.go:214 time=2025-09-22T19:19:26.804256462Z msg="Using channel notifier" logger=sql-resource-server
ts-grafana  | logger=plugin.store t=2025-09-22T19:19:26.805270378Z level=info msg="Loading plugins..."
ts-grafana  | logger=plugins.registration t=2025-09-22T19:19:26.866971012Z level=error msg="Could not register plugin" pluginId=table error="plugin table is already registered"
ts-grafana  | logger=plugins.initialization t=2025-09-22T19:19:26.867008891Z level=error msg="Could not initialize plugin" pluginId=table error="plugin table is already registered"
ts-grafana  | logger=plugins.registration t=2025-09-22T19:19:26.923982495Z level=info msg="Plugin registered" pluginId=grafana-exploretraces-app
ts-grafana  | logger=plugins.registration t=2025-09-22T19:19:27.000148287Z level=info msg="Plugin registered" pluginId=grafana-lokiexplore-app
ts-grafana  | logger=plugins.registration t=2025-09-22T19:19:27.043304307Z level=info msg="Plugin registered" pluginId=grafana-metricsdrilldown-app
ts-grafana  | logger=plugins.registration t=2025-09-22T19:19:27.083238468Z level=info msg="Plugin registered" pluginId=grafana-pyroscope-app
ts-grafana  | logger=plugin.store t=2025-09-22T19:19:27.083257987Z level=info msg="Plugins loaded" count=57 duration=277.988072ms
ts-grafana  | logger=query_data t=2025-09-22T19:19:27.090118594Z level=info msg="Query Service initialization"
ts-grafana  | logger=live.push_http t=2025-09-22T19:19:27.093257693Z level=info msg="Live Push Gateway initialization"
ts-grafana  | logger=ngalert.notifier component=alertmanager orgID=1 t=2025-09-22T19:19:27.096688832Z level=info msg="Applying new configuration to Alertmanager" configHash=d2c56faca6af2a5772ff4253222f7386
ts-grafana  | logger=ngalert.writer t=2025-09-22T19:19:27.104937166Z level=info msg="Setting up remote write using data sources" timeout=30s default_datasource_uid=
ts-grafana  | logger=ngalert t=2025-09-22T19:19:27.105025977Z level=info msg="Using simple database alert instance store"
ts-grafana  | logger=ngalert.state.manager.persist t=2025-09-22T19:19:27.105043221Z level=info msg="Using sync state persister"
ts-grafana  | logger=infra.usagestats.collector t=2025-09-22T19:19:27.10821883Z level=info msg="registering usage stat providers" usageStatsProvidersLen=2
ts-grafana  | logger=grafanaStorageLogger t=2025-09-22T19:19:27.108883537Z level=info msg="Storage starting"
ts-grafana  | logger=ngalert.state.manager t=2025-09-22T19:19:27.109866441Z level=info msg="Warming state cache for startup"
ts-grafana  | logger=http.server t=2025-09-22T19:19:27.11190756Z level=info msg="HTTP Server Listen" address=[::]:3000 protocol=http subUrl= socket=
ts-grafana  | logger=ngalert.multiorg.alertmanager t=2025-09-22T19:19:27.112447774Z level=info msg="Starting MultiOrg Alertmanager"
ts-grafana  | logger=ngalert.state.manager t=2025-09-22T19:19:27.155793565Z level=info msg="State cache has been initialized" states=0 duration=45.926496ms
ts-grafana  | logger=ngalert.scheduler t=2025-09-22T19:19:27.155821244Z level=info msg="Starting scheduler" tickInterval=10s maxAttempts=3
ts-grafana  | logger=ticker t=2025-09-22T19:19:27.156285384Z level=info msg=starting first_tick=2025-09-22T19:19:30Z
ts-grafana  | logger=provisioning.alerting t=2025-09-22T19:19:27.187789167Z level=info msg="starting to provision alerting"
ts-grafana  | logger=provisioning.alerting t=2025-09-22T19:19:27.187816443Z level=info msg="finished to provision alerting"
ts-grafana  | logger=provisioning.dashboard t=2025-09-22T19:19:27.188270571Z level=info msg="starting to provision dashboards"
ts-grafana  | logger=provisioning.dashboard t=2025-09-22T19:19:27.18828381Z level=info msg="finished to provision dashboards"
ts-grafana  | logger=plugins.update.checker t=2025-09-22T19:19:27.322656798Z level=info msg="Update check succeeded" duration=210.089625ms
ts-grafana  | logger=grafana.update.checker t=2025-09-22T19:19:27.324705636Z level=info msg="Update check succeeded" duration=211.957526ms
ts-search   | No custom admin password found. Please provide a password via the environment variable OPENSEARCH_INITIAL_ADMIN_PASSWORD.
[Kts-search exited with code 1 (restarting)
ts-search   | Enabling OpenSearch Security Plugin
ts-search   | Enabling execution of install_demo_configuration.sh for OpenSearch Security Plugin 
ts-search   | OpenSearch 2.12.0 onwards, the OpenSearch Security Plugin a change that requires an initial password for 'admin' user. 
ts-search   | Please define an environment variable 'OPENSEARCH_INITIAL_ADMIN_PASSWORD' with a strong password string. 
ts-search   | If a password is not provided, the setup will quit. 
ts-search   |  For more details, please visit: https://opensearch.org/docs/latest/install-and-configure/install-opensearch/docker/
ts-grafana  | logger=grafana-apiserver t=2025-09-22T19:19:27.844019324Z level=info msg="Adding GroupVersion notifications.alerting.grafana.app v0alpha1 to ResourceManager"
ts-grafana  | logger=grafana-apiserver t=2025-09-22T19:19:27.846344326Z level=info msg="Adding GroupVersion dashboard.grafana.app v1beta1 to ResourceManager"
ts-grafana  | logger=grafana-apiserver t=2025-09-22T19:19:27.846809458Z level=info msg="Adding GroupVersion dashboard.grafana.app v0alpha1 to ResourceManager"
ts-grafana  | logger=grafana-apiserver t=2025-09-22T19:19:27.847308357Z level=info msg="Adding GroupVersion dashboard.grafana.app v2alpha1 to ResourceManager"
ts-grafana  | logger=grafana-apiserver t=2025-09-22T19:19:27.848031379Z level=info msg="Adding GroupVersion playlist.grafana.app v0alpha1 to ResourceManager"
ts-grafana  | logger=grafana-apiserver t=2025-09-22T19:19:27.84901509Z level=info msg="Adding GroupVersion folder.grafana.app v1beta1 to ResourceManager"
ts-grafana  | logger=grafana-apiserver t=2025-09-22T19:19:27.850767694Z level=info msg="Adding GroupVersion iam.grafana.app v0alpha1 to ResourceManager"
ts-grafana  | logger=grafana-apiserver t=2025-09-22T19:19:27.851485262Z level=info msg="Adding GroupVersion userstorage.grafana.app v0alpha1 to ResourceManager"
ts-grafana  | logger=grafana-apiserver t=2025-09-22T19:19:27.851759874Z level=info msg="Adding GroupVersion features.grafana.app v0alpha1 to ResourceManager"
ts-grafana  | logger=app-registry t=2025-09-22T19:19:27.887913435Z level=info msg="app registry initialized"
ts-search   | ### OpenSearch Security Demo Installer
ts-search   | ### ** Warning: Do not use on production or public reachable systems **
ts-search   | OpenSearch install type: rpm/deb on Linux 6.16.5-arch1-1 amd64
ts-search   | OpenSearch config dir: /usr/share/opensearch/config/
ts-search   | OpenSearch config file: /usr/share/opensearch/config/opensearch.yml
ts-search   | OpenSearch bin dir: /usr/share/opensearch/bin/
ts-search   | OpenSearch plugins dir: /usr/share/opensearch/plugins/
ts-search   | OpenSearch lib dir: /usr/share/opensearch/lib/
ts-search   | Detected OpenSearch Version: 2.14.0
ts-search   | Detected OpenSearch Security Version: 2.14.0.0
ts-search   | No custom admin password found. Please provide a password via the environment variable OPENSEARCH_INITIAL_ADMIN_PASSWORD.
[Kts-search exited with code 1 (restarting)
ts-search   | Enabling OpenSearch Security Plugin
ts-search   | Enabling execution of install_demo_configuration.sh for OpenSearch Security Plugin 
ts-search   | OpenSearch 2.12.0 onwards, the OpenSearch Security Plugin a change that requires an initial password for 'admin' user. 
ts-search   | Please define an environment variable 'OPENSEARCH_INITIAL_ADMIN_PASSWORD' with a strong password string. 
ts-search   | If a password is not provided, the setup will quit. 
ts-search   |  For more details, please visit: https://opensearch.org/docs/latest/install-and-configure/install-opensearch/docker/
ts-search   | ### OpenSearch Security Demo Installer
ts-search   | ### ** Warning: Do not use on production or public reachable systems **
ts-search   | OpenSearch install type: rpm/deb on Linux 6.16.5-arch1-1 amd64
ts-search   | OpenSearch config dir: /usr/share/opensearch/config/
ts-search   | OpenSearch config file: /usr/share/opensearch/config/opensearch.yml
ts-search   | OpenSearch bin dir: /usr/share/opensearch/bin/
ts-search   | OpenSearch plugins dir: /usr/share/opensearch/plugins/
ts-search   | OpenSearch lib dir: /usr/share/opensearch/lib/
ts-search   | Detected OpenSearch Version: 2.14.0
ts-search   | Detected OpenSearch Security Version: 2.14.0.0
ts-search   | No custom admin password found. Please provide a password via the environment variable OPENSEARCH_INITIAL_ADMIN_PASSWORD.
[Kts-search exited with code 1 (restarting)
ts-search   | Enabling OpenSearch Security Plugin
ts-search   | Enabling execution of install_demo_configuration.sh for OpenSearch Security Plugin 
ts-search   | OpenSearch 2.12.0 onwards, the OpenSearch Security Plugin a change that requires an initial password for 'admin' user. 
ts-search   | Please define an environment variable 'OPENSEARCH_INITIAL_ADMIN_PASSWORD' with a strong password string. 
ts-search   | If a password is not provided, the setup will quit. 
ts-search   |  For more details, please visit: https://opensearch.org/docs/latest/install-and-configure/install-opensearch/docker/
ts-search   | ### OpenSearch Security Demo Installer
ts-search   | ### ** Warning: Do not use on production or public reachable systems **
ts-search   | OpenSearch install type: rpm/deb on Linux 6.16.5-arch1-1 amd64
ts-search   | OpenSearch config dir: /usr/share/opensearch/config/
ts-search   | OpenSearch config file: /usr/share/opensearch/config/opensearch.yml
ts-search   | OpenSearch bin dir: /usr/share/opensearch/bin/
ts-search   | OpenSearch plugins dir: /usr/share/opensearch/plugins/
ts-search   | OpenSearch lib dir: /usr/share/opensearch/lib/
ts-search   | Detected OpenSearch Version: 2.14.0
ts-search   | Detected OpenSearch Security Version: 2.14.0.0
ts-service  | 
ts-service  |   .   ____          _            __ _ _
ts-service  |  /\\ / ___'_ __ _ _(_)_ __  __ _ \ \ \ \
ts-service  | ( ( )\___ | '_ | '_| | '_ \/ _` | \ \ \ \
ts-service  |  \\/  ___)| |_)| | | | | || (_| |  ) ) ) )
ts-service  |   '  |____| .__|_| |_|_| |_\__, | / / / /
ts-service  |  =========|_|==============|___/=/_/_/_/
ts-service  | 
ts-service  |  :: Spring Boot ::                (v3.5.6)
ts-service  | 
ts-search   | No custom admin password found. Please provide a password via the environment variable OPENSEARCH_INITIAL_ADMIN_PASSWORD.
ts-service  | 2025-09-22T19:19:32.635Z  INFO 1 --- [           main] app.ApiApplication                       : Starting ApiApplication v0.0.1-SNAPSHOT using Java 21.0.8 with PID 1 (/app/app.jar started by root in /app)
ts-service  | 2025-09-22T19:19:32.639Z  INFO 1 --- [           main] app.ApiApplication                       : No active profile set, falling back to 1 default profile: "default"
[Kts-search exited with code 1 (restarting)
ts-search   | Enabling OpenSearch Security Plugin
ts-search   | Enabling execution of install_demo_configuration.sh for OpenSearch Security Plugin 
ts-search   | OpenSearch 2.12.0 onwards, the OpenSearch Security Plugin a change that requires an initial password for 'admin' user. 
ts-search   | Please define an environment variable 'OPENSEARCH_INITIAL_ADMIN_PASSWORD' with a strong password string. 
ts-search   | If a password is not provided, the setup will quit. 
ts-search   |  For more details, please visit: https://opensearch.org/docs/latest/install-and-configure/install-opensearch/docker/
ts-search   | ### OpenSearch Security Demo Installer
ts-search   | ### ** Warning: Do not use on production or public reachable systems **
ts-search   | OpenSearch install type: rpm/deb on Linux 6.16.5-arch1-1 amd64
ts-search   | OpenSearch config dir: /usr/share/opensearch/config/
ts-search   | OpenSearch config file: /usr/share/opensearch/config/opensearch.yml
ts-search   | OpenSearch bin dir: /usr/share/opensearch/bin/
ts-search   | OpenSearch plugins dir: /usr/share/opensearch/plugins/
ts-search   | OpenSearch lib dir: /usr/share/opensearch/lib/
ts-search   | Detected OpenSearch Version: 2.14.0
ts-search   | Detected OpenSearch Security Version: 2.14.0.0
ts-service  | 2025-09-22T19:19:34.228Z  INFO 1 --- [           main] .s.d.r.c.RepositoryConfigurationDelegate : Bootstrapping Spring Data JPA repositories in DEFAULT mode.
ts-service  | 2025-09-22T19:19:34.330Z  INFO 1 --- [           main] .s.d.r.c.RepositoryConfigurationDelegate : Finished Spring Data repository scanning in 81 ms. Found 1 JPA repository interface.
ts-search   | No custom admin password found. Please provide a password via the environment variable OPENSEARCH_INITIAL_ADMIN_PASSWORD.
[Kts-search exited with code 1 (restarting)
ts-service  | 2025-09-22T19:19:35.857Z  INFO 1 --- [           main] o.s.b.w.embedded.tomcat.TomcatWebServer  : Tomcat initialized with port 8080 (http)
ts-service  | 2025-09-22T19:19:35.870Z  INFO 1 --- [           main] o.apache.catalina.core.StandardService   : Starting service [Tomcat]
ts-service  | 2025-09-22T19:19:35.871Z  INFO 1 --- [           main] o.apache.catalina.core.StandardEngine    : Starting Servlet engine: [Apache Tomcat/10.1.46]
ts-service  | 2025-09-22T19:19:35.899Z  INFO 1 --- [           main] o.a.c.c.C.[Tomcat].[localhost].[/]       : Initializing Spring embedded WebApplicationContext
ts-service  | 2025-09-22T19:19:35.900Z  INFO 1 --- [           main] w.s.c.ServletWebServerApplicationContext : Root WebApplicationContext: initialization completed in 3199 ms
ts-service  | 2025-09-22T19:19:36.608Z  INFO 1 --- [           main] com.zaxxer.hikari.HikariDataSource       : HikariPool-1 - Starting...
ts-service  | 2025-09-22T19:19:36.797Z  INFO 1 --- [           main] com.zaxxer.hikari.pool.HikariPool        : HikariPool-1 - Added connection org.postgresql.jdbc.PgConnection@23954300
ts-service  | 2025-09-22T19:19:36.798Z  INFO 1 --- [           main] com.zaxxer.hikari.HikariDataSource       : HikariPool-1 - Start completed.
ts-service  | 2025-09-22T19:19:36.825Z  INFO 1 --- [           main] org.flywaydb.core.FlywayExecutor         : Database: jdbc:postgresql://db:5432/timeseries (PostgreSQL 16.3)
ts-service  | 2025-09-22T19:19:36.904Z  WARN 1 --- [           main] ConfigServletWebServerApplicationContext : Exception encountered during context initialization - cancelling refresh attempt: org.springframework.beans.factory.BeanCreationException: Error creating bean with name 'entityManagerFactory' defined in class path resource [org/springframework/boot/autoconfigure/orm/jpa/HibernateJpaConfiguration.class]: Failed to initialize dependency 'flywayInitializer' of LoadTimeWeaverAware bean 'entityManagerFactory': Error creating bean with name 'flywayInitializer' defined in class path resource [org/springframework/boot/autoconfigure/flyway/FlywayAutoConfiguration$FlywayConfiguration.class]: Validate failed: Migrations have failed validation
ts-service  | Migration checksum mismatch for migration version 1
ts-service  | -> Applied to database : 1431413157
ts-service  | -> Resolved locally    : 1920754776
ts-service  | Either revert the changes to the migration, or run repair to update the schema history.
ts-service  | Need more flexibility with validation rules? Learn more: https://rd.gt/3AbJUZE
ts-service  | 2025-09-22T19:19:36.904Z  INFO 1 --- [           main] com.zaxxer.hikari.HikariDataSource       : HikariPool-1 - Shutdown initiated...
ts-service  | 2025-09-22T19:19:36.994Z  INFO 1 --- [           main] com.zaxxer.hikari.HikariDataSource       : HikariPool-1 - Shutdown completed.
ts-service  | 2025-09-22T19:19:37.007Z  INFO 1 --- [           main] o.apache.catalina.core.StandardService   : Stopping service [Tomcat]
ts-service  | 2025-09-22T19:19:37.068Z  INFO 1 --- [           main] .s.b.a.l.ConditionEvaluationReportLogger : 
ts-service  | 
ts-service  | Error starting ApplicationContext. To display the condition evaluation report re-run your application with 'debug' enabled.
ts-search   | Enabling OpenSearch Security Plugin
ts-search   | Enabling execution of install_demo_configuration.sh for OpenSearch Security Plugin 
ts-search   | OpenSearch 2.12.0 onwards, the OpenSearch Security Plugin a change that requires an initial password for 'admin' user. 
ts-search   | Please define an environment variable 'OPENSEARCH_INITIAL_ADMIN_PASSWORD' with a strong password string. 
ts-search   | If a password is not provided, the setup will quit. 
ts-search   |  For more details, please visit: https://opensearch.org/docs/latest/install-and-configure/install-opensearch/docker/
ts-service  | 2025-09-22T19:19:37.103Z ERROR 1 --- [           main] o.s.boot.SpringApplication               : Application run failed
ts-service  | 
ts-service  | org.springframework.beans.factory.BeanCreationException: Error creating bean with name 'entityManagerFactory' defined in class path resource [org/springframework/boot/autoconfigure/orm/jpa/HibernateJpaConfiguration.class]: Failed to initialize dependency 'flywayInitializer' of LoadTimeWeaverAware bean 'entityManagerFactory': Error creating bean with name 'flywayInitializer' defined in class path resource [org/springframework/boot/autoconfigure/flyway/FlywayAutoConfiguration$FlywayConfiguration.class]: Validate failed: Migrations have failed validation
ts-service  | Migration checksum mismatch for migration version 1
ts-service  | -> Applied to database : 1431413157
ts-service  | -> Resolved locally    : 1920754776
ts-service  | Either revert the changes to the migration, or run repair to update the schema history.
ts-service  | Need more flexibility with validation rules? Learn more: https://rd.gt/3AbJUZE
ts-service  | 	at org.springframework.beans.factory.support.AbstractBeanFactory.doGetBean(AbstractBeanFactory.java:328) ~[spring-beans-6.2.11.jar!/:6.2.11]
ts-service  | 	at org.springframework.beans.factory.support.AbstractBeanFactory.getBean(AbstractBeanFactory.java:207) ~[spring-beans-6.2.11.jar!/:6.2.11]
ts-service  | 	at org.springframework.context.support.AbstractApplicationContext.finishBeanFactoryInitialization(AbstractApplicationContext.java:970) ~[spring-context-6.2.11.jar!/:6.2.11]
ts-service  | 	at org.springframework.context.support.AbstractApplicationContext.refresh(AbstractApplicationContext.java:627) ~[spring-context-6.2.11.jar!/:6.2.11]
ts-service  | 	at org.springframework.boot.web.servlet.context.ServletWebServerApplicationContext.refresh(ServletWebServerApplicationContext.java:146) ~[spring-boot-3.5.6.jar!/:3.5.6]
ts-service  | 	at org.springframework.boot.SpringApplication.refresh(SpringApplication.java:752) ~[spring-boot-3.5.6.jar!/:3.5.6]
ts-service  | 	at org.springframework.boot.SpringApplication.refreshContext(SpringApplication.java:439) ~[spring-boot-3.5.6.jar!/:3.5.6]
ts-service  | 	at org.springframework.boot.SpringApplication.run(SpringApplication.java:318) ~[spring-boot-3.5.6.jar!/:3.5.6]
ts-service  | 	at org.springframework.boot.SpringApplication.run(SpringApplication.java:1361) ~[spring-boot-3.5.6.jar!/:3.5.6]
ts-service  | 	at org.springframework.boot.SpringApplication.run(SpringApplication.java:1350) ~[spring-boot-3.5.6.jar!/:3.5.6]
ts-service  | 	at app.ApiApplication.main(ApiApplication.java:10) ~[!/:0.0.1-SNAPSHOT]
ts-service  | 	at java.base/jdk.internal.reflect.DirectMethodHandleAccessor.invoke(Unknown Source) ~[na:na]
ts-service  | 	at java.base/java.lang.reflect.Method.invoke(Unknown Source) ~[na:na]
ts-service  | 	at org.springframework.boot.loader.launch.Launcher.launch(Launcher.java:102) ~[app.jar:0.0.1-SNAPSHOT]
ts-service  | 	at org.springframework.boot.loader.launch.Launcher.launch(Launcher.java:64) ~[app.jar:0.0.1-SNAPSHOT]
ts-service  | 	at org.springframework.boot.loader.launch.JarLauncher.main(JarLauncher.java:40) ~[app.jar:0.0.1-SNAPSHOT]
ts-service  | Caused by: org.springframework.beans.factory.BeanCreationException: Error creating bean with name 'flywayInitializer' defined in class path resource [org/springframework/boot/autoconfigure/flyway/FlywayAutoConfiguration$FlywayConfiguration.class]: Validate failed: Migrations have failed validation
ts-service  | Migration checksum mismatch for migration version 1
ts-service  | -> Applied to database : 1431413157
ts-service  | -> Resolved locally    : 1920754776
ts-service  | Either revert the changes to the migration, or run repair to update the schema history.
ts-service  | Need more flexibility with validation rules? Learn more: https://rd.gt/3AbJUZE
ts-service  | 	at org.springframework.beans.factory.support.AbstractAutowireCapableBeanFactory.initializeBean(AbstractAutowireCapableBeanFactory.java:1826) ~[spring-beans-6.2.11.jar!/:6.2.11]
ts-service  | 	at org.springframework.beans.factory.support.AbstractAutowireCapableBeanFactory.doCreateBean(AbstractAutowireCapableBeanFactory.java:607) ~[spring-beans-6.2.11.jar!/:6.2.11]
ts-service  | 	at org.springframework.beans.factory.support.AbstractAutowireCapableBeanFactory.createBean(AbstractAutowireCapableBeanFactory.java:529) ~[spring-beans-6.2.11.jar!/:6.2.11]
ts-service  | 	at org.springframework.beans.factory.support.AbstractBeanFactory.lambda$doGetBean$0(AbstractBeanFactory.java:339) ~[spring-beans-6.2.11.jar!/:6.2.11]
ts-service  | 	at org.springframework.beans.factory.support.DefaultSingletonBeanRegistry.getSingleton(DefaultSingletonBeanRegistry.java:373) ~[spring-beans-6.2.11.jar!/:6.2.11]
ts-service  | 	at org.springframework.beans.factory.support.AbstractBeanFactory.doGetBean(AbstractBeanFactory.java:337) ~[spring-beans-6.2.11.jar!/:6.2.11]
ts-service  | 	at org.springframework.beans.factory.support.AbstractBeanFactory.getBean(AbstractBeanFactory.java:202) ~[spring-beans-6.2.11.jar!/:6.2.11]
ts-service  | 	at org.springframework.beans.factory.support.AbstractBeanFactory.doGetBean(AbstractBeanFactory.java:315) ~[spring-beans-6.2.11.jar!/:6.2.11]
ts-service  | 	... 15 common frames omitted
ts-service  | Caused by: org.flywaydb.core.api.exception.FlywayValidateException: Validate failed: Migrations have failed validation
ts-service  | Migration checksum mismatch for migration version 1
ts-service  | -> Applied to database : 1431413157
ts-service  | -> Resolved locally    : 1920754776
ts-service  | Either revert the changes to the migration, or run repair to update the schema history.
ts-service  | Need more flexibility with validation rules? Learn more: https://rd.gt/3AbJUZE
ts-service  | 	at org.flywaydb.core.Flyway.lambda$migrate$1(Flyway.java:201) ~[flyway-core-11.7.2.jar!/:na]
ts-service  | 	at org.flywaydb.core.FlywayExecutor.execute(FlywayExecutor.java:210) ~[flyway-core-11.7.2.jar!/:na]
ts-service  | 	at org.flywaydb.core.Flyway.migrate(Flyway.java:188) ~[flyway-core-11.7.2.jar!/:na]
ts-service  | 	at org.springframework.boot.autoconfigure.flyway.FlywayMigrationInitializer.afterPropertiesSet(FlywayMigrationInitializer.java:66) ~[spring-boot-autoconfigure-3.5.6.jar!/:3.5.6]
ts-service  | 	at org.springframework.beans.factory.support.AbstractAutowireCapableBeanFactory.invokeInitMethods(AbstractAutowireCapableBeanFactory.java:1873) ~[spring-beans-6.2.11.jar!/:6.2.11]
ts-service  | 	at org.springframework.beans.factory.support.AbstractAutowireCapableBeanFactory.initializeBean(AbstractAutowireCapableBeanFactory.java:1822) ~[spring-beans-6.2.11.jar!/:6.2.11]
ts-service  | 	... 22 common frames omitted
ts-service  | 
[Kts-service exited with code 1 (restarting)
ts-search   | ### OpenSearch Security Demo Installer
ts-search   | ### ** Warning: Do not use on production or public reachable systems **
ts-search   | OpenSearch install type: rpm/deb on Linux 6.16.5-arch1-1 amd64
ts-search   | OpenSearch config dir: /usr/share/opensearch/config/
ts-search   | OpenSearch config file: /usr/share/opensearch/config/opensearch.yml
ts-search   | OpenSearch bin dir: /usr/share/opensearch/bin/
ts-search   | OpenSearch plugins dir: /usr/share/opensearch/plugins/
ts-search   | OpenSearch lib dir: /usr/share/opensearch/lib/
ts-search   | Detected OpenSearch Version: 2.14.0
ts-search   | Detected OpenSearch Security Version: 2.14.0.0
ts-service  | 
ts-service  |   .   ____          _            __ _ _
ts-service  |  /\\ / ___'_ __ _ _(_)_ __  __ _ \ \ \ \
ts-service  | ( ( )\___ | '_ | '_| | '_ \/ _` | \ \ \ \
ts-service  |  \\/  ___)| |_)| | | | | || (_| |  ) ) ) )
ts-service  |   '  |____| .__|_| |_|_| |_\__, | / / / /
ts-service  |  =========|_|==============|___/=/_/_/_/
ts-service  | 
ts-service  |  :: Spring Boot ::                (v3.5.6)
ts-service  | 
ts-search   | No custom admin password found. Please provide a password via the environment variable OPENSEARCH_INITIAL_ADMIN_PASSWORD.
ts-service  | 2025-09-22T19:19:38.917Z  INFO 1 --- [           main] app.ApiApplication                       : Starting ApiApplication v0.0.1-SNAPSHOT using Java 21.0.8 with PID 1 (/app/app.jar started by root in /app)
ts-service  | 2025-09-22T19:19:38.921Z  INFO 1 --- [           main] app.ApiApplication                       : No active profile set, falling back to 1 default profile: "default"
[Kts-search exited with code 1 (restarting)
ts-service  | 2025-09-22T19:19:40.404Z  INFO 1 --- [           main] .s.d.r.c.RepositoryConfigurationDelegate : Bootstrapping Spring Data JPA repositories in DEFAULT mode.
ts-service  | 2025-09-22T19:19:40.454Z  INFO 1 --- [           main] .s.d.r.c.RepositoryConfigurationDelegate : Finished Spring Data repository scanning in 40 ms. Found 1 JPA repository interface.
ts-service  | 2025-09-22T19:19:41.540Z  INFO 1 --- [           main] o.s.b.w.embedded.tomcat.TomcatWebServer  : Tomcat initialized with port 8080 (http)
ts-service  | 2025-09-22T19:19:41.554Z  INFO 1 --- [           main] o.apache.catalina.core.StandardService   : Starting service [Tomcat]
ts-service  | 2025-09-22T19:19:41.555Z  INFO 1 --- [           main] o.apache.catalina.core.StandardEngine    : Starting Servlet engine: [Apache Tomcat/10.1.46]
ts-service  | 2025-09-22T19:19:41.583Z  INFO 1 --- [           main] o.a.c.c.C.[Tomcat].[localhost].[/]       : Initializing Spring embedded WebApplicationContext
ts-service  | 2025-09-22T19:19:41.584Z  INFO 1 --- [           main] w.s.c.ServletWebServerApplicationContext : Root WebApplicationContext: initialization completed in 2606 ms
ts-service  | 2025-09-22T19:19:42.206Z  INFO 1 --- [           main] com.zaxxer.hikari.HikariDataSource       : HikariPool-1 - Starting...
ts-search   | Enabling OpenSearch Security Plugin
ts-search   | Enabling execution of install_demo_configuration.sh for OpenSearch Security Plugin 
ts-search   | OpenSearch 2.12.0 onwards, the OpenSearch Security Plugin a change that requires an initial password for 'admin' user. 
ts-search   | Please define an environment variable 'OPENSEARCH_INITIAL_ADMIN_PASSWORD' with a strong password string. 
ts-search   | If a password is not provided, the setup will quit. 
ts-search   |  For more details, please visit: https://opensearch.org/docs/latest/install-and-configure/install-opensearch/docker/
ts-search   | ### OpenSearch Security Demo Installer
ts-search   | ### ** Warning: Do not use on production or public reachable systems **
ts-search   | OpenSearch install type: rpm/deb on Linux 6.16.5-arch1-1 amd64
ts-search   | OpenSearch config dir: /usr/share/opensearch/config/
ts-search   | OpenSearch config file: /usr/share/opensearch/config/opensearch.yml
ts-search   | OpenSearch bin dir: /usr/share/opensearch/bin/
ts-search   | OpenSearch plugins dir: /usr/share/opensearch/plugins/
ts-search   | OpenSearch lib dir: /usr/share/opensearch/lib/
ts-search   | Detected OpenSearch Version: 2.14.0
ts-search   | Detected OpenSearch Security Version: 2.14.0.0
ts-service  | 2025-09-22T19:19:42.448Z  INFO 1 --- [           main] com.zaxxer.hikari.pool.HikariPool        : HikariPool-1 - Added connection org.postgresql.jdbc.PgConnection@4c9cce17
ts-service  | 2025-09-22T19:19:42.450Z  INFO 1 --- [           main] com.zaxxer.hikari.HikariDataSource       : HikariPool-1 - Start completed.
ts-service  | 2025-09-22T19:19:42.484Z  INFO 1 --- [           main] org.flywaydb.core.FlywayExecutor         : Database: jdbc:postgresql://db:5432/timeseries (PostgreSQL 16.3)
ts-service  | 2025-09-22T19:19:42.549Z  WARN 1 --- [           main] ConfigServletWebServerApplicationContext : Exception encountered during context initialization - cancelling refresh attempt: org.springframework.beans.factory.BeanCreationException: Error creating bean with name 'entityManagerFactory' defined in class path resource [org/springframework/boot/autoconfigure/orm/jpa/HibernateJpaConfiguration.class]: Failed to initialize dependency 'flywayInitializer' of LoadTimeWeaverAware bean 'entityManagerFactory': Error creating bean with name 'flywayInitializer' defined in class path resource [org/springframework/boot/autoconfigure/flyway/FlywayAutoConfiguration$FlywayConfiguration.class]: Validate failed: Migrations have failed validation
ts-service  | Migration checksum mismatch for migration version 1
ts-service  | -> Applied to database : 1431413157
ts-service  | -> Resolved locally    : 1920754776
ts-service  | Either revert the changes to the migration, or run repair to update the schema history.
ts-service  | Need more flexibility with validation rules? Learn more: https://rd.gt/3AbJUZE
ts-service  | 2025-09-22T19:19:42.549Z  INFO 1 --- [           main] com.zaxxer.hikari.HikariDataSource       : HikariPool-1 - Shutdown initiated...
ts-service  | 2025-09-22T19:19:42.552Z  INFO 1 --- [           main] com.zaxxer.hikari.HikariDataSource       : HikariPool-1 - Shutdown completed.
ts-service  | 2025-09-22T19:19:42.559Z  INFO 1 --- [           main] o.apache.catalina.core.StandardService   : Stopping service [Tomcat]
ts-service  | 2025-09-22T19:19:42.594Z  INFO 1 --- [           main] .s.b.a.l.ConditionEvaluationReportLogger : 
ts-service  | 
ts-service  | Error starting ApplicationContext. To display the condition evaluation report re-run your application with 'debug' enabled.
ts-service  | 2025-09-22T19:19:42.628Z ERROR 1 --- [           main] o.s.boot.SpringApplication               : Application run failed
ts-service  | 
ts-service  | org.springframework.beans.factory.BeanCreationException: Error creating bean with name 'entityManagerFactory' defined in class path resource [org/springframework/boot/autoconfigure/orm/jpa/HibernateJpaConfiguration.class]: Failed to initialize dependency 'flywayInitializer' of LoadTimeWeaverAware bean 'entityManagerFactory': Error creating bean with name 'flywayInitializer' defined in class path resource [org/springframework/boot/autoconfigure/flyway/FlywayAutoConfiguration$FlywayConfiguration.class]: Validate failed: Migrations have failed validation
ts-service  | Migration checksum mismatch for migration version 1
ts-service  | -> Applied to database : 1431413157
ts-service  | -> Resolved locally    : 1920754776
ts-service  | Either revert the changes to the migration, or run repair to update the schema history.
ts-service  | Need more flexibility with validation rules? Learn more: https://rd.gt/3AbJUZE
ts-service  | 	at org.springframework.beans.factory.support.AbstractBeanFactory.doGetBean(AbstractBeanFactory.java:328) ~[spring-beans-6.2.11.jar!/:6.2.11]
ts-service  | 	at org.springframework.beans.factory.support.AbstractBeanFactory.getBean(AbstractBeanFactory.java:207) ~[spring-beans-6.2.11.jar!/:6.2.11]
ts-service  | 	at org.springframework.context.support.AbstractApplicationContext.finishBeanFactoryInitialization(AbstractApplicationContext.java:970) ~[spring-context-6.2.11.jar!/:6.2.11]
ts-service  | 	at org.springframework.context.support.AbstractApplicationContext.refresh(AbstractApplicationContext.java:627) ~[spring-context-6.2.11.jar!/:6.2.11]
ts-service  | 	at org.springframework.boot.web.servlet.context.ServletWebServerApplicationContext.refresh(ServletWebServerApplicationContext.java:146) ~[spring-boot-3.5.6.jar!/:3.5.6]
ts-service  | 	at org.springframework.boot.SpringApplication.refresh(SpringApplication.java:752) ~[spring-boot-3.5.6.jar!/:3.5.6]
ts-service  | 	at org.springframework.boot.SpringApplication.refreshContext(SpringApplication.java:439) ~[spring-boot-3.5.6.jar!/:3.5.6]
ts-service  | 	at org.springframework.boot.SpringApplication.run(SpringApplication.java:318) ~[spring-boot-3.5.6.jar!/:3.5.6]
ts-service  | 	at org.springframework.boot.SpringApplication.run(SpringApplication.java:1361) ~[spring-boot-3.5.6.jar!/:3.5.6]
ts-service  | 	at org.springframework.boot.SpringApplication.run(SpringApplication.java:1350) ~[spring-boot-3.5.6.jar!/:3.5.6]
ts-service  | 	at app.ApiApplication.main(ApiApplication.java:10) ~[!/:0.0.1-SNAPSHOT]
ts-service  | 	at java.base/jdk.internal.reflect.DirectMethodHandleAccessor.invoke(Unknown Source) ~[na:na]
ts-service  | 	at java.base/java.lang.reflect.Method.invoke(Unknown Source) ~[na:na]
ts-service  | 	at org.springframework.boot.loader.launch.Launcher.launch(Launcher.java:102) ~[app.jar:0.0.1-SNAPSHOT]
ts-service  | 	at org.springframework.boot.loader.launch.Launcher.launch(Launcher.java:64) ~[app.jar:0.0.1-SNAPSHOT]
ts-service  | 	at org.springframework.boot.loader.launch.JarLauncher.main(JarLauncher.java:40) ~[app.jar:0.0.1-SNAPSHOT]
ts-service  | Caused by: org.springframework.beans.factory.BeanCreationException: Error creating bean with name 'flywayInitializer' defined in class path resource [org/springframework/boot/autoconfigure/flyway/FlywayAutoConfiguration$FlywayConfiguration.class]: Validate failed: Migrations have failed validation
ts-service  | Migration checksum mismatch for migration version 1
ts-service  | -> Applied to database : 1431413157
ts-service  | -> Resolved locally    : 1920754776
ts-service  | Either revert the changes to the migration, or run repair to update the schema history.
ts-service  | Need more flexibility with validation rules? Learn more: https://rd.gt/3AbJUZE
ts-service  | 	at org.springframework.beans.factory.support.AbstractAutowireCapableBeanFactory.initializeBean(AbstractAutowireCapableBeanFactory.java:1826) ~[spring-beans-6.2.11.jar!/:6.2.11]
ts-service  | 	at org.springframework.beans.factory.support.AbstractAutowireCapableBeanFactory.doCreateBean(AbstractAutowireCapableBeanFactory.java:607) ~[spring-beans-6.2.11.jar!/:6.2.11]
ts-service  | 	at org.springframework.beans.factory.support.AbstractAutowireCapableBeanFactory.createBean(AbstractAutowireCapableBeanFactory.java:529) ~[spring-beans-6.2.11.jar!/:6.2.11]
ts-service  | 	at org.springframework.beans.factory.support.AbstractBeanFactory.lambda$doGetBean$0(AbstractBeanFactory.java:339) ~[spring-beans-6.2.11.jar!/:6.2.11]
ts-service  | 	at org.springframework.beans.factory.support.DefaultSingletonBeanRegistry.getSingleton(DefaultSingletonBeanRegistry.java:373) ~[spring-beans-6.2.11.jar!/:6.2.11]
ts-service  | 	at org.springframework.beans.factory.support.AbstractBeanFactory.doGetBean(AbstractBeanFactory.java:337) ~[spring-beans-6.2.11.jar!/:6.2.11]
ts-service  | 	at org.springframework.beans.factory.support.AbstractBeanFactory.getBean(AbstractBeanFactory.java:202) ~[spring-beans-6.2.11.jar!/:6.2.11]
ts-service  | 	at org.springframework.beans.factory.support.AbstractBeanFactory.doGetBean(AbstractBeanFactory.java:315) ~[spring-beans-6.2.11.jar!/:6.2.11]
ts-service  | 	... 15 common frames omitted
ts-service  | Caused by: org.flywaydb.core.api.exception.FlywayValidateException: Validate failed: Migrations have failed validation
ts-service  | Migration checksum mismatch for migration version 1
ts-service  | -> Applied to database : 1431413157
ts-service  | -> Resolved locally    : 1920754776
ts-service  | Either revert the changes to the migration, or run repair to update the schema history.
ts-service  | Need more flexibility with validation rules? Learn more: https://rd.gt/3AbJUZE
ts-service  | 	at org.flywaydb.core.Flyway.lambda$migrate$1(Flyway.java:201) ~[flyway-core-11.7.2.jar!/:na]
ts-service  | 	at org.flywaydb.core.FlywayExecutor.execute(FlywayExecutor.java:210) ~[flyway-core-11.7.2.jar!/:na]
ts-service  | 	at org.flywaydb.core.Flyway.migrate(Flyway.java:188) ~[flyway-core-11.7.2.jar!/:na]
ts-service  | 	at org.springframework.boot.autoconfigure.flyway.FlywayMigrationInitializer.afterPropertiesSet(FlywayMigrationInitializer.java:66) ~[spring-boot-autoconfigure-3.5.6.jar!/:3.5.6]
ts-service  | 	at org.springframework.beans.factory.support.AbstractAutowireCapableBeanFactory.invokeInitMethods(AbstractAutowireCapableBeanFactory.java:1873) ~[spring-beans-6.2.11.jar!/:6.2.11]
ts-service  | 	at org.springframework.beans.factory.support.AbstractAutowireCapableBeanFactory.initializeBean(AbstractAutowireCapableBeanFactory.java:1822) ~[spring-beans-6.2.11.jar!/:6.2.11]
ts-service  | 	... 22 common frames omitted
ts-service  | 
[Kts-service exited with code 1 (restarting)
dependency failed to start: container ts-service is unhealthy
